<?xml version="1.0" encoding="UTF-8"?>
<!-- Generated by org.testng.reporters.JUnitReportReporter -->
<testsuite hostname="Motiurs-MBP.fios-router.home" failures="0" tests="18" name="testPages.HomePageTest" time="21.971" errors="0" timestamp="2022-10-07T14:52:50 EDT" skipped="17">
  <testcase classname="testPages.HomePageTest" name="searchCSS" time="21.971"/>
  <system-out/>
  <testcase classname="testPages.HomePageTest" name="testtext01">
    <skipped/>
  </testcase> <!-- testtext01 -->
  <system-out/>
  <testcase classname="testPages.HomePageTest" name="get_attribute">
    <skipped/>
  </testcase> <!-- get_attribute -->
  <system-out/>
  <testcase classname="testPages.HomePageTest" name="sendKeysAndclear">
    <skipped/>
  </testcase> <!-- sendKeysAndclear -->
  <system-out/>
  <testcase classname="testPages.HomePageTest" name="addressTest">
    <skipped/>
  </testcase> <!-- addressTest -->
  <system-out/>
  <testcase classname="testPages.HomePageTest" name="logoTestclic">
    <skipped/>
  </testcase> <!-- logoTestclic -->
  <system-out/>
  <testcase classname="testPages.HomePageTest" name="searchTest">
    <skipped/>
  </testcase> <!-- searchTest -->
  <system-out/>
  <testcase classname="testPages.HomePageTest" name="allButtonTest">
    <skipped/>
  </testcase> <!-- allButtonTest -->
  <system-out/>
  <testcase classname="testPages.HomePageTest" name="logoTest">
    <skipped/>
  </testcase> <!-- logoTest -->
  <system-out/>
  <testcase classname="testPages.HomePageTest" name="cartTest">
    <skipped/>
  </testcase> <!-- cartTest -->
  <system-out/>
  <testcase classname="testPages.HomePageTest" name="use_of_getTitle_method">
    <skipped/>
  </testcase> <!-- use_of_getTitle_method -->
  <system-out/>
  <testcase classname="testPages.HomePageTest" name="navigationmethod">
    <skipped/>
  </testcase> <!-- navigationmethod -->
  <system-out/>
  <testcase classname="testPages.HomePageTest" name="Selected_method">
    <skipped/>
  </testcase> <!-- Selected_method -->
  <system-out/>
  <testcase classname="testPages.HomePageTest" name="loginButtonTest01">
    <skipped/>
  </testcase> <!-- loginButtonTest01 -->
  <system-out/>
  <testcase classname="testPages.HomePageTest" name="logoTestclic03">
    <skipped/>
  </testcase> <!-- logoTestclic03 -->
  <system-out/>
  <testcase classname="testPages.HomePageTest" name="logoTestclic02">
    <skipped/>
  </testcase> <!-- logoTestclic02 -->
  <system-out/>
  <testcase classname="testPages.HomePageTest" name="getURL">
    <skipped/>
  </testcase> <!-- getURL -->
  <system-out/>
  <testcase classname="testPages.HomePageTest" name="setASpecificSizeOfWindow">
    <skipped/>
  </testcase> <!-- setASpecificSizeOfWindow -->
  <system-out/>
</testsuite> <!-- testPages.HomePageTest -->
